2024-11-01 13:31:01.393 | INFO     | __main__:main:41 - Starting data preparation...
2024-11-01 13:31:01.394 | INFO     | __main__:read_raw_data:26 - Reading raw data from C:\Users\4harg\Documents\smart-store-marco\data\raw\customers_data.csv.
2024-11-01 13:31:01.418 | INFO     | __main__:read_raw_data:26 - Reading raw data from C:\Users\4harg\Documents\smart-store-marco\data\raw\products_data.csv.
2024-11-01 13:31:01.429 | INFO     | __main__:read_raw_data:26 - Reading raw data from C:\Users\4harg\Documents\smart-store-marco\data\raw\sales_data.csv.
2024-11-01 13:31:01.449 | INFO     | __main__:main:45 - Data preparation complete.
2024-11-13 10:42:58.566 | INFO     | __main__:main:41 - Starting data preparation...
2024-11-13 10:42:58.569 | INFO     | __main__:read_raw_data:26 - Reading raw data from C:\Users\4harg\Documents\smart-store-marco\data\raw\customers_data.csv.
2024-11-13 10:42:58.577 | INFO     | __main__:read_raw_data:26 - Reading raw data from C:\Users\4harg\Documents\smart-store-marco\data\raw\products_data.csv.
2024-11-13 10:42:58.583 | INFO     | __main__:read_raw_data:26 - Reading raw data from C:\Users\4harg\Documents\smart-store-marco\data\raw\sales_data.csv.
2024-11-13 10:42:58.595 | INFO     | __main__:main:45 - Data preparation complete.
2024-11-13 11:04:40.100 | INFO     | __main__:main:71 - Starting data preparation...
2024-11-13 11:04:40.101 | INFO     | __main__:read_raw_data:25 - Reading raw data from C:\Users\4harg\Documents\smart-store-marco\data\raw\customers_data.csv.
2024-11-13 11:04:40.104 | INFO     | __main__:process_data:62 - Processing customers_data.csv with 11 records.
2024-11-13 11:04:40.118 | INFO     | __main__:save_prepared_data:53 - Prepared data saved to: C:\Users\4harg\Documents\smart-store-marco\data\prepared\customers_data_prepared.csv
2024-11-13 11:04:40.120 | INFO     | __main__:read_raw_data:25 - Reading raw data from C:\Users\4harg\Documents\smart-store-marco\data\raw\products_data.csv.
2024-11-13 11:04:40.122 | INFO     | __main__:process_data:62 - Processing products_data.csv with 8 records.
2024-11-13 11:04:40.125 | INFO     | __main__:save_prepared_data:53 - Prepared data saved to: C:\Users\4harg\Documents\smart-store-marco\data\prepared\products_data_prepared.csv
2024-11-13 11:04:40.127 | INFO     | __main__:read_raw_data:25 - Reading raw data from C:\Users\4harg\Documents\smart-store-marco\data\raw\sales_data.csv.
2024-11-13 11:04:40.131 | INFO     | __main__:process_data:62 - Processing sales_data.csv with 94 records.
2024-11-13 11:04:40.135 | INFO     | __main__:save_prepared_data:53 - Prepared data saved to: C:\Users\4harg\Documents\smart-store-marco\data\prepared\sales_data_prepared.csv
2024-11-13 11:04:40.137 | INFO     | __main__:main:76 - Data preparation complete.
2024-11-13 14:10:26.660 | INFO     | __main__:main:87 - Starting data warehouse creation...
2024-11-13 14:10:26.672 | INFO     | __main__:create_dw:75 - Data warehouse created successfully.
2024-11-13 14:10:26.672 | INFO     | __main__:main:89 - Data warehouse creation complete.
2024-11-13 14:13:20.116 | INFO     | __main__:main:87 - Starting data warehouse creation...
2024-11-13 14:13:20.117 | INFO     | __main__:create_dw:75 - Data warehouse created successfully.
2024-11-13 14:13:20.117 | INFO     | __main__:main:89 - Data warehouse creation complete.
2024-11-13 14:39:03.037 | INFO     | __main__:<module>:33 - Existing database data\dw\smart_sales.db deleted.
2024-11-13 14:39:03.038 | INFO     | __main__:main:118 - Starting data warehouse creation...
2024-11-13 14:39:03.045 | INFO     | __main__:create_customer_table:49 - customer table created.
2024-11-13 14:39:03.048 | INFO     | __main__:create_product_table:65 - product table created.
2024-11-13 14:39:03.051 | INFO     | __main__:create_sale_table:87 - sale table created.
2024-11-13 14:39:03.051 | INFO     | __main__:create_dw:106 - Data warehouse created successfully.
2024-11-13 14:39:03.052 | INFO     | __main__:main:120 - Data warehouse creation complete.
2024-11-13 15:29:07.465 | INFO     | __main__:<module>:33 - Existing database data\dw\smart_sales.db deleted.
2024-11-13 15:29:07.465 | INFO     | __main__:main:118 - Starting data warehouse creation...
2024-11-13 15:29:07.473 | INFO     | __main__:create_customer_table:49 - customer table created.
2024-11-13 15:29:07.476 | INFO     | __main__:create_product_table:65 - product table created.
2024-11-13 15:29:07.479 | INFO     | __main__:create_sale_table:87 - sale table created.
2024-11-13 15:29:07.480 | INFO     | __main__:create_dw:106 - Data warehouse created successfully.
2024-11-13 15:29:07.480 | INFO     | __main__:main:120 - Data warehouse creation complete.
2024-11-21 12:25:22.913 | INFO     | __main__:main:120 - Starting data warehouse creation...
2024-11-21 12:25:22.920 | INFO     | __main__:create_customer_table:50 - customer table created.
2024-11-21 12:25:22.922 | INFO     | __main__:create_product_table:67 - product table created.
2024-11-21 12:25:22.922 | ERROR    | __main__:create_sale_table:91 - Error creating sale table: unknown column "customer_id" in foreign key definition
2024-11-21 12:25:22.923 | INFO     | __main__:create_dw:108 - Data warehouse created successfully.
2024-11-21 12:25:22.924 | INFO     | __main__:main:122 - Data warehouse creation complete.
2024-11-21 12:31:17.961 | INFO     | __main__:main:120 - Starting data warehouse creation...
2024-11-21 12:31:17.970 | INFO     | __main__:create_customer_table:50 - customer table created.
2024-11-21 12:31:17.972 | INFO     | __main__:create_product_table:67 - product table created.
2024-11-21 12:31:17.974 | INFO     | __main__:create_sale_table:89 - sale table created.
2024-11-21 12:31:17.975 | INFO     | __main__:create_dw:108 - Data warehouse created successfully.
2024-11-21 12:31:17.975 | INFO     | __main__:main:122 - Data warehouse creation complete.
2024-11-21 12:32:21.042 | INFO     | __main__:main:120 - Starting data warehouse creation...
2024-11-21 12:32:21.055 | INFO     | __main__:create_customer_table:50 - customer table created.
2024-11-21 12:32:21.058 | INFO     | __main__:create_product_table:67 - product table created.
2024-11-21 12:32:21.060 | INFO     | __main__:create_sale_table:89 - sale table created.
2024-11-21 12:32:21.060 | INFO     | __main__:create_dw:108 - Data warehouse created successfully.
2024-11-21 12:32:21.061 | INFO     | __main__:main:122 - Data warehouse creation complete.
2024-11-21 12:48:49.776 | INFO     | __main__:main:73 - Starting etl_to_dw ...
2024-11-21 12:48:49.776 | INFO     | __main__:extract_data:27 - Extracting data from data\prepared\customers_data_prepared.csv ...
2024-11-21 12:48:49.784 | ERROR    | __main__:extract_data:33 - Error extracting data from data\prepared\customers_data_prepared.csv: [Errno 2] No such file or directory: 'data\\prepared\\customers_data_prepared.csv'
2024-11-21 12:48:49.784 | ERROR    | __main__:load_data_to_db:66 - Error during ETL: [Errno 2] No such file or directory: 'data\\prepared\\customers_data_prepared.csv'
2024-11-21 12:53:48.955 | INFO     | __main__:main:74 - Starting etl_to_dw ...
2024-11-21 12:53:48.956 | INFO     | __main__:extract_data:28 - Extracting data from C:\Users\4harg\OneDrive\Documents\smart-store-marco\data\prepared\customers_data_prepared.csv ...
2024-11-21 12:53:48.965 | INFO     | __main__:extract_data:31 - Successfully extracted data from C:\Users\4harg\OneDrive\Documents\smart-store-marco\data\prepared\customers_data_prepared.csv.
2024-11-21 12:53:48.966 | INFO     | __main__:extract_data:28 - Extracting data from C:\Users\4harg\OneDrive\Documents\smart-store-marco\data\prepared\products_data_prepared.csv ...
2024-11-21 12:53:48.968 | INFO     | __main__:extract_data:31 - Successfully extracted data from C:\Users\4harg\OneDrive\Documents\smart-store-marco\data\prepared\products_data_prepared.csv.
2024-11-21 12:53:48.968 | INFO     | __main__:extract_data:28 - Extracting data from C:\Users\4harg\OneDrive\Documents\smart-store-marco\data\prepared\sales_data_prepared.csv ...
2024-11-21 12:53:48.970 | INFO     | __main__:extract_data:31 - Successfully extracted data from C:\Users\4harg\OneDrive\Documents\smart-store-marco\data\prepared\sales_data_prepared.csv.
2024-11-21 12:53:48.971 | INFO     | __main__:load_data_to_db:47 - Connecting to database at data\dw\smart_sales.db ...
2024-11-21 12:53:48.971 | INFO     | __main__:load_data_to_db:51 - Loading data into database tables ...
2024-11-21 12:53:48.980 | INFO     | __main__:load_data_to_db:53 - Loaded customers data into 'customers' table.
2024-11-21 12:53:48.987 | INFO     | __main__:load_data_to_db:56 - Loaded products data into 'products' table.
2024-11-21 12:53:48.992 | INFO     | __main__:load_data_to_db:59 - Loaded sales data into 'sales' table.
2024-11-21 12:53:48.993 | INFO     | __main__:load_data_to_db:64 - Data successfully loaded into database and connection closed.
2024-11-21 12:53:48.993 | INFO     | __main__:main:76 - Finished etl_to_dw complete.
2024-11-21 13:07:50.415 | INFO     | __main__:main:120 - Starting data warehouse creation...
2024-11-21 13:07:50.423 | INFO     | __main__:create_customer_table:50 - customer table created.
2024-11-21 13:07:50.426 | INFO     | __main__:create_product_table:67 - product table created.
2024-11-21 13:07:50.428 | INFO     | __main__:create_sale_table:89 - sale table created.
2024-11-21 13:07:50.429 | INFO     | __main__:create_dw:108 - Data warehouse created successfully.
2024-11-21 13:07:50.429 | INFO     | __main__:main:122 - Data warehouse creation complete.
2024-11-21 13:09:12.252 | INFO     | __main__:main:74 - Starting etl_to_dw ...
2024-11-21 13:09:12.253 | INFO     | __main__:extract_data:28 - Extracting data from C:\Users\4harg\OneDrive\Documents\smart-store-marco\data\prepared\customers_data_prepared.csv ...
2024-11-21 13:09:12.255 | INFO     | __main__:extract_data:31 - Successfully extracted data from C:\Users\4harg\OneDrive\Documents\smart-store-marco\data\prepared\customers_data_prepared.csv.
2024-11-21 13:09:12.256 | INFO     | __main__:extract_data:28 - Extracting data from C:\Users\4harg\OneDrive\Documents\smart-store-marco\data\prepared\products_data_prepared.csv ...
2024-11-21 13:09:12.257 | INFO     | __main__:extract_data:31 - Successfully extracted data from C:\Users\4harg\OneDrive\Documents\smart-store-marco\data\prepared\products_data_prepared.csv.
2024-11-21 13:09:12.257 | INFO     | __main__:extract_data:28 - Extracting data from C:\Users\4harg\OneDrive\Documents\smart-store-marco\data\prepared\sales_data_prepared.csv ...
2024-11-21 13:09:12.261 | INFO     | __main__:extract_data:31 - Successfully extracted data from C:\Users\4harg\OneDrive\Documents\smart-store-marco\data\prepared\sales_data_prepared.csv.
2024-11-21 13:09:12.262 | INFO     | __main__:load_data_to_db:47 - Connecting to database at data\dw\smart_sales.db ...
2024-11-21 13:09:12.263 | ERROR    | __main__:load_data_to_db:67 - Error during ETL: unable to open database file
2024-11-21 13:10:30.159 | INFO     | __main__:main:74 - Starting etl_to_dw ...
2024-11-21 13:10:30.159 | INFO     | __main__:extract_data:28 - Extracting data from C:\Users\4harg\OneDrive\Documents\smart-store-marco\data\prepared\customers_data_prepared.csv ...
2024-11-21 13:10:30.161 | INFO     | __main__:extract_data:31 - Successfully extracted data from C:\Users\4harg\OneDrive\Documents\smart-store-marco\data\prepared\customers_data_prepared.csv.
2024-11-21 13:10:30.162 | INFO     | __main__:extract_data:28 - Extracting data from C:\Users\4harg\OneDrive\Documents\smart-store-marco\data\prepared\products_data_prepared.csv ...
2024-11-21 13:10:30.163 | INFO     | __main__:extract_data:31 - Successfully extracted data from C:\Users\4harg\OneDrive\Documents\smart-store-marco\data\prepared\products_data_prepared.csv.
2024-11-21 13:10:30.163 | INFO     | __main__:extract_data:28 - Extracting data from C:\Users\4harg\OneDrive\Documents\smart-store-marco\data\prepared\sales_data_prepared.csv ...
2024-11-21 13:10:30.164 | INFO     | __main__:extract_data:31 - Successfully extracted data from C:\Users\4harg\OneDrive\Documents\smart-store-marco\data\prepared\sales_data_prepared.csv.
2024-11-21 13:10:30.165 | INFO     | __main__:load_data_to_db:47 - Connecting to database at data\dw\smart_sales.db ...
2024-11-21 13:10:30.166 | ERROR    | __main__:load_data_to_db:67 - Error during ETL: unable to open database file
2024-11-21 13:13:22.392 | INFO     | __main__:main:76 - Starting etl_to_dw ...
2024-11-21 13:13:22.394 | INFO     | __main__:extract_data:26 - Extracting data from C:\Users\4harg\OneDrive\Documents\smart-store-marco\data\prepared\customers_data_prepared.csv ...
2024-11-21 13:13:22.396 | INFO     | __main__:extract_data:29 - Successfully extracted data from C:\Users\4harg\OneDrive\Documents\smart-store-marco\data\prepared\customers_data_prepared.csv.
2024-11-21 13:13:22.396 | INFO     | __main__:extract_data:26 - Extracting data from C:\Users\4harg\OneDrive\Documents\smart-store-marco\data\prepared\products_data_prepared.csv ...
2024-11-21 13:13:22.397 | INFO     | __main__:extract_data:29 - Successfully extracted data from C:\Users\4harg\OneDrive\Documents\smart-store-marco\data\prepared\products_data_prepared.csv.
2024-11-21 13:13:22.398 | INFO     | __main__:extract_data:26 - Extracting data from C:\Users\4harg\OneDrive\Documents\smart-store-marco\data\prepared\sales_data_prepared.csv ...
2024-11-21 13:13:22.399 | INFO     | __main__:extract_data:29 - Successfully extracted data from C:\Users\4harg\OneDrive\Documents\smart-store-marco\data\prepared\sales_data_prepared.csv.
2024-11-21 13:13:22.399 | INFO     | __main__:load_data_to_db:49 - Connecting to database at C:/Users/4harg/OneDrive/Documents/smart-store-marco/data/dw/smart_sales.db ...
2024-11-21 13:13:22.400 | INFO     | __main__:load_data_to_db:53 - Loading data into database tables ...
2024-11-21 13:13:22.412 | INFO     | __main__:load_data_to_db:55 - Loaded customers data into 'customers' table.
2024-11-21 13:13:22.421 | INFO     | __main__:load_data_to_db:58 - Loaded products data into 'products' table.
2024-11-21 13:13:22.430 | INFO     | __main__:load_data_to_db:61 - Loaded sales data into 'sales' table.
2024-11-21 13:13:22.431 | INFO     | __main__:load_data_to_db:66 - Data successfully loaded into database and connection closed.
2024-11-21 13:13:22.431 | INFO     | __main__:main:78 - Finished etl_to_dw complete.
2024-11-21 13:17:35.432 | INFO     | __main__:main:76 - Starting etl_to_dw ...
2024-11-21 13:17:35.432 | INFO     | __main__:extract_data:26 - Extracting data from C:\Users\4harg\OneDrive\Documents\smart-store-marco\data\prepared\customers_data_prepared.csv ...
2024-11-21 13:17:35.433 | INFO     | __main__:extract_data:29 - Successfully extracted data from C:\Users\4harg\OneDrive\Documents\smart-store-marco\data\prepared\customers_data_prepared.csv.
2024-11-21 13:17:35.434 | INFO     | __main__:extract_data:26 - Extracting data from C:\Users\4harg\OneDrive\Documents\smart-store-marco\data\prepared\products_data_prepared.csv ...
2024-11-21 13:17:35.435 | INFO     | __main__:extract_data:29 - Successfully extracted data from C:\Users\4harg\OneDrive\Documents\smart-store-marco\data\prepared\products_data_prepared.csv.
2024-11-21 13:17:35.435 | INFO     | __main__:extract_data:26 - Extracting data from C:\Users\4harg\OneDrive\Documents\smart-store-marco\data\prepared\sales_data_prepared.csv ...
2024-11-21 13:17:35.437 | INFO     | __main__:extract_data:29 - Successfully extracted data from C:\Users\4harg\OneDrive\Documents\smart-store-marco\data\prepared\sales_data_prepared.csv.
2024-11-21 13:17:35.437 | INFO     | __main__:load_data_to_db:49 - Connecting to database at C:/Users/4harg/OneDrive/Documents/smart-store-marco/data/dw/smart_sales.db ...
2024-11-21 13:17:35.438 | INFO     | __main__:load_data_to_db:53 - Loading data into database tables ...
2024-11-21 13:17:35.454 | INFO     | __main__:load_data_to_db:55 - Loaded customers data into 'customers' table.
2024-11-21 13:17:35.461 | INFO     | __main__:load_data_to_db:58 - Loaded products data into 'products' table.
2024-11-21 13:17:35.469 | INFO     | __main__:load_data_to_db:61 - Loaded sales data into 'sales' table.
2024-11-21 13:17:35.470 | INFO     | __main__:load_data_to_db:66 - Data successfully loaded into database and connection closed.
2024-11-21 13:17:35.470 | INFO     | __main__:main:78 - Finished etl_to_dw complete.
